{"/Users/joao.madeira/Projetos/branas/refactoring/dist/src/example1/NormalFareCalculator.js": {"path":"/Users/joao.madeira/Projetos/branas/refactoring/dist/src/example1/NormalFareCalculator.js","statementMap":{"0":{"start":{"line":2,"column":0},"end":{"line":2,"column":62}},"1":{"start":{"line":5,"column":8},"end":{"line":5,"column":25}},"2":{"start":{"line":6,"column":8},"end":{"line":6,"column":24}},"3":{"start":{"line":10,"column":8},"end":{"line":12,"column":9}},"4":{"start":{"line":11,"column":12},"end":{"line":11,"column":48}},"5":{"start":{"line":13,"column":8},"end":{"line":14,"column":32}},"6":{"start":{"line":14,"column":12},"end":{"line":14,"column":32}},"7":{"start":{"line":15,"column":8},"end":{"line":15,"column":91}},"8":{"start":{"line":18,"column":0},"end":{"line":18,"column":39}}},"fnMap":{"0":{"name":"(anonymous_0)","decl":{"start":{"line":4,"column":4},"end":{"line":4,"column":5}},"loc":{"start":{"line":4,"column":22},"end":{"line":7,"column":5}},"line":4},"1":{"name":"(anonymous_1)","decl":{"start":{"line":8,"column":4},"end":{"line":8,"column":5}},"loc":{"start":{"line":8,"column":23},"end":{"line":16,"column":5}},"line":8}},"branchMap":{"0":{"loc":{"start":{"line":10,"column":8},"end":{"line":12,"column":9}},"type":"if","locations":[{"start":{"line":10,"column":8},"end":{"line":12,"column":9}},{"start":{},"end":{}}],"line":10},"1":{"loc":{"start":{"line":10,"column":12},"end":{"line":10,"column":57}},"type":"binary-expr","locations":[{"start":{"line":10,"column":12},"end":{"line":10,"column":34}},{"start":{"line":10,"column":38},"end":{"line":10,"column":57}}],"line":10},"2":{"loc":{"start":{"line":13,"column":8},"end":{"line":14,"column":32}},"type":"if","locations":[{"start":{"line":13,"column":8},"end":{"line":14,"column":32}},{"start":{},"end":{}}],"line":13},"3":{"loc":{"start":{"line":15,"column":15},"end":{"line":15,"column":90}},"type":"cond-expr","locations":[{"start":{"line":15,"column":60},"end":{"line":15,"column":66}},{"start":{"line":15,"column":69},"end":{"line":15,"column":90}}],"line":15},"4":{"loc":{"start":{"line":15,"column":15},"end":{"line":15,"column":57}},"type":"binary-expr","locations":[{"start":{"line":15,"column":15},"end":{"line":15,"column":40}},{"start":{"line":15,"column":44},"end":{"line":15,"column":57}}],"line":15}},"s":{"0":1,"1":8,"2":8,"3":3,"4":3,"5":0,"6":0,"7":0,"8":1},"f":{"0":8,"1":3},"b":{"0":[3,0],"1":[3,3],"2":[0,0],"3":[0,0],"4":[0,0]},"inputSourceMap":null,"_coverageSchema":"1a1c01bbd47fc00a2c39e90264f33305004495a9","hash":"a8f10eb19bdccce5ee181c3618fa70811a69d6be"}
,"/Users/joao.madeira/Projetos/branas/refactoring/dist/src/example1/OvernightFareCalculator.js": {"path":"/Users/joao.madeira/Projetos/branas/refactoring/dist/src/example1/OvernightFareCalculator.js","statementMap":{"0":{"start":{"line":2,"column":0},"end":{"line":2,"column":62}},"1":{"start":{"line":5,"column":8},"end":{"line":5,"column":25}},"2":{"start":{"line":6,"column":8},"end":{"line":6,"column":24}},"3":{"start":{"line":10,"column":8},"end":{"line":12,"column":9}},"4":{"start":{"line":11,"column":12},"end":{"line":11,"column":48}},"5":{"start":{"line":13,"column":8},"end":{"line":14,"column":32}},"6":{"start":{"line":14,"column":12},"end":{"line":14,"column":32}},"7":{"start":{"line":15,"column":8},"end":{"line":15,"column":91}},"8":{"start":{"line":18,"column":0},"end":{"line":18,"column":42}}},"fnMap":{"0":{"name":"(anonymous_0)","decl":{"start":{"line":4,"column":4},"end":{"line":4,"column":5}},"loc":{"start":{"line":4,"column":22},"end":{"line":7,"column":5}},"line":4},"1":{"name":"(anonymous_1)","decl":{"start":{"line":8,"column":4},"end":{"line":8,"column":5}},"loc":{"start":{"line":8,"column":23},"end":{"line":16,"column":5}},"line":8}},"branchMap":{"0":{"loc":{"start":{"line":10,"column":8},"end":{"line":12,"column":9}},"type":"if","locations":[{"start":{"line":10,"column":8},"end":{"line":12,"column":9}},{"start":{},"end":{}}],"line":10},"1":{"loc":{"start":{"line":10,"column":12},"end":{"line":10,"column":56}},"type":"binary-expr","locations":[{"start":{"line":10,"column":12},"end":{"line":10,"column":33}},{"start":{"line":10,"column":37},"end":{"line":10,"column":56}}],"line":10},"2":{"loc":{"start":{"line":13,"column":8},"end":{"line":14,"column":32}},"type":"if","locations":[{"start":{"line":13,"column":8},"end":{"line":14,"column":32}},{"start":{},"end":{}}],"line":13},"3":{"loc":{"start":{"line":15,"column":15},"end":{"line":15,"column":90}},"type":"cond-expr","locations":[{"start":{"line":15,"column":60},"end":{"line":15,"column":66}},{"start":{"line":15,"column":69},"end":{"line":15,"column":90}}],"line":15},"4":{"loc":{"start":{"line":15,"column":15},"end":{"line":15,"column":57}},"type":"binary-expr","locations":[{"start":{"line":15,"column":15},"end":{"line":15,"column":40}},{"start":{"line":15,"column":44},"end":{"line":15,"column":57}}],"line":15}},"s":{"0":1,"1":8,"2":8,"3":7,"4":2,"5":5,"6":0,"7":5,"8":1},"f":{"0":8,"1":7},"b":{"0":[2,5],"1":[7,3],"2":[0,5],"3":[0,5],"4":[5,5]},"inputSourceMap":null,"_coverageSchema":"1a1c01bbd47fc00a2c39e90264f33305004495a9","hash":"e8812fe6ac64014647adbfdea3e52ec124d322e8"}
,"/Users/joao.madeira/Projetos/branas/refactoring/dist/src/example1/OvernightSundayFareCalculator.js": {"path":"/Users/joao.madeira/Projetos/branas/refactoring/dist/src/example1/OvernightSundayFareCalculator.js","statementMap":{"0":{"start":{"line":2,"column":0},"end":{"line":2,"column":62}},"1":{"start":{"line":5,"column":8},"end":{"line":5,"column":25}},"2":{"start":{"line":6,"column":8},"end":{"line":6,"column":22}},"3":{"start":{"line":10,"column":8},"end":{"line":12,"column":9}},"4":{"start":{"line":11,"column":12},"end":{"line":11,"column":48}},"5":{"start":{"line":13,"column":8},"end":{"line":14,"column":32}},"6":{"start":{"line":14,"column":12},"end":{"line":14,"column":32}},"7":{"start":{"line":15,"column":8},"end":{"line":15,"column":91}},"8":{"start":{"line":18,"column":0},"end":{"line":18,"column":48}}},"fnMap":{"0":{"name":"(anonymous_0)","decl":{"start":{"line":4,"column":4},"end":{"line":4,"column":5}},"loc":{"start":{"line":4,"column":22},"end":{"line":7,"column":5}},"line":4},"1":{"name":"(anonymous_1)","decl":{"start":{"line":8,"column":4},"end":{"line":8,"column":5}},"loc":{"start":{"line":8,"column":23},"end":{"line":16,"column":5}},"line":8}},"branchMap":{"0":{"loc":{"start":{"line":10,"column":8},"end":{"line":12,"column":9}},"type":"if","locations":[{"start":{"line":10,"column":8},"end":{"line":12,"column":9}},{"start":{},"end":{}}],"line":10},"1":{"loc":{"start":{"line":10,"column":12},"end":{"line":10,"column":55}},"type":"binary-expr","locations":[{"start":{"line":10,"column":12},"end":{"line":10,"column":33}},{"start":{"line":10,"column":37},"end":{"line":10,"column":55}}],"line":10},"2":{"loc":{"start":{"line":13,"column":8},"end":{"line":14,"column":32}},"type":"if","locations":[{"start":{"line":13,"column":8},"end":{"line":14,"column":32}},{"start":{},"end":{}}],"line":13},"3":{"loc":{"start":{"line":15,"column":15},"end":{"line":15,"column":90}},"type":"cond-expr","locations":[{"start":{"line":15,"column":60},"end":{"line":15,"column":66}},{"start":{"line":15,"column":69},"end":{"line":15,"column":90}}],"line":15},"4":{"loc":{"start":{"line":15,"column":15},"end":{"line":15,"column":57}},"type":"binary-expr","locations":[{"start":{"line":15,"column":15},"end":{"line":15,"column":40}},{"start":{"line":15,"column":44},"end":{"line":15,"column":57}}],"line":15}},"s":{"0":1,"1":8,"2":8,"3":5,"4":1,"5":4,"6":0,"7":4,"8":1},"f":{"0":8,"1":5},"b":{"0":[1,4],"1":[5,1],"2":[0,4],"3":[0,4],"4":[4,4]},"inputSourceMap":null,"_coverageSchema":"1a1c01bbd47fc00a2c39e90264f33305004495a9","hash":"9b2af9caf2a67f81cd5950985bd5b309bf474861"}
,"/Users/joao.madeira/Projetos/branas/refactoring/dist/src/example1/Ride.js": {"path":"/Users/joao.madeira/Projetos/branas/refactoring/dist/src/example1/Ride.js","statementMap":{"0":{"start":{"line":2,"column":22},"end":{"line":4,"column":1}},"1":{"start":{"line":3,"column":4},"end":{"line":3,"column":62}},"2":{"start":{"line":5,"column":0},"end":{"line":5,"column":62}},"3":{"start":{"line":6,"column":18},"end":{"line":6,"column":55}},"4":{"start":{"line":9,"column":8},"end":{"line":9,"column":45}},"5":{"start":{"line":10,"column":8},"end":{"line":10,"column":27}},"6":{"start":{"line":11,"column":8},"end":{"line":11,"column":27}},"7":{"start":{"line":14,"column":8},"end":{"line":14,"column":66}},"8":{"start":{"line":17,"column":19},"end":{"line":17,"column":20}},"9":{"start":{"line":18,"column":8},"end":{"line":20,"column":9}},"10":{"start":{"line":19,"column":12},"end":{"line":19,"column":59}},"11":{"start":{"line":21,"column":8},"end":{"line":21,"column":59}},"12":{"start":{"line":24,"column":0},"end":{"line":24,"column":23}}},"fnMap":{"0":{"name":"(anonymous_0)","decl":{"start":{"line":2,"column":56},"end":{"line":2,"column":57}},"loc":{"start":{"line":2,"column":71},"end":{"line":4,"column":1}},"line":2},"1":{"name":"(anonymous_1)","decl":{"start":{"line":8,"column":4},"end":{"line":8,"column":5}},"loc":{"start":{"line":8,"column":32},"end":{"line":12,"column":5}},"line":8},"2":{"name":"(anonymous_2)","decl":{"start":{"line":13,"column":4},"end":{"line":13,"column":5}},"loc":{"start":{"line":13,"column":31},"end":{"line":15,"column":5}},"line":13},"3":{"name":"(anonymous_3)","decl":{"start":{"line":16,"column":4},"end":{"line":16,"column":5}},"loc":{"start":{"line":16,"column":13},"end":{"line":22,"column":5}},"line":16}},"branchMap":{"0":{"loc":{"start":{"line":2,"column":22},"end":{"line":4,"column":1}},"type":"binary-expr","locations":[{"start":{"line":2,"column":23},"end":{"line":2,"column":27}},{"start":{"line":2,"column":31},"end":{"line":2,"column":51}},{"start":{"line":2,"column":56},"end":{"line":4,"column":1}}],"line":2},"1":{"loc":{"start":{"line":3,"column":11},"end":{"line":3,"column":61}},"type":"cond-expr","locations":[{"start":{"line":3,"column":37},"end":{"line":3,"column":40}},{"start":{"line":3,"column":43},"end":{"line":3,"column":61}}],"line":3},"2":{"loc":{"start":{"line":3,"column":12},"end":{"line":3,"column":33}},"type":"binary-expr","locations":[{"start":{"line":3,"column":12},"end":{"line":3,"column":15}},{"start":{"line":3,"column":19},"end":{"line":3,"column":33}}],"line":3},"3":{"loc":{"start":{"line":21,"column":15},"end":{"line":21,"column":58}},"type":"cond-expr","locations":[{"start":{"line":21,"column":38},"end":{"line":21,"column":42}},{"start":{"line":21,"column":45},"end":{"line":21,"column":58}}],"line":21}},"s":{"0":1,"1":1,"2":1,"3":1,"4":8,"5":8,"6":8,"7":9,"8":6,"9":6,"10":7,"11":6,"12":1},"f":{"0":1,"1":8,"2":9,"3":6},"b":{"0":[1,1,1],"1":[1,0],"2":[1,1],"3":[5,1]},"inputSourceMap":null,"_coverageSchema":"1a1c01bbd47fc00a2c39e90264f33305004495a9","hash":"dd44611a9f9c8dc985871d4251501a300d5e9736"}
,"/Users/joao.madeira/Projetos/branas/refactoring/dist/src/example1/Segment.js": {"path":"/Users/joao.madeira/Projetos/branas/refactoring/dist/src/example1/Segment.js","statementMap":{"0":{"start":{"line":2,"column":0},"end":{"line":2,"column":62}},"1":{"start":{"line":5,"column":8},"end":{"line":5,"column":33}},"2":{"start":{"line":6,"column":8},"end":{"line":6,"column":25}},"3":{"start":{"line":7,"column":8},"end":{"line":7,"column":34}},"4":{"start":{"line":8,"column":8},"end":{"line":8,"column":31}},"5":{"start":{"line":9,"column":8},"end":{"line":10,"column":48}},"6":{"start":{"line":10,"column":12},"end":{"line":10,"column":48}},"7":{"start":{"line":11,"column":8},"end":{"line":12,"column":44}},"8":{"start":{"line":12,"column":12},"end":{"line":12,"column":44}},"9":{"start":{"line":15,"column":8},"end":{"line":18,"column":26}},"10":{"start":{"line":21,"column":8},"end":{"line":25,"column":48}},"11":{"start":{"line":28,"column":8},"end":{"line":29,"column":56}},"12":{"start":{"line":32,"column":8},"end":{"line":32,"column":40}},"13":{"start":{"line":35,"column":0},"end":{"line":35,"column":26}}},"fnMap":{"0":{"name":"(anonymous_0)","decl":{"start":{"line":4,"column":4},"end":{"line":4,"column":5}},"loc":{"start":{"line":4,"column":32},"end":{"line":13,"column":5}},"line":4},"1":{"name":"(anonymous_1)","decl":{"start":{"line":14,"column":4},"end":{"line":14,"column":5}},"loc":{"start":{"line":14,"column":30},"end":{"line":19,"column":5}},"line":14},"2":{"name":"(anonymous_2)","decl":{"start":{"line":20,"column":4},"end":{"line":20,"column":5}},"loc":{"start":{"line":20,"column":22},"end":{"line":26,"column":5}},"line":20},"3":{"name":"(anonymous_3)","decl":{"start":{"line":27,"column":4},"end":{"line":27,"column":5}},"loc":{"start":{"line":27,"column":18},"end":{"line":30,"column":5}},"line":27},"4":{"name":"(anonymous_4)","decl":{"start":{"line":31,"column":4},"end":{"line":31,"column":5}},"loc":{"start":{"line":31,"column":15},"end":{"line":33,"column":5}},"line":31}},"branchMap":{"0":{"loc":{"start":{"line":9,"column":8},"end":{"line":10,"column":48}},"type":"if","locations":[{"start":{"line":9,"column":8},"end":{"line":10,"column":48}},{"start":{},"end":{}}],"line":9},"1":{"loc":{"start":{"line":11,"column":8},"end":{"line":12,"column":44}},"type":"if","locations":[{"start":{"line":11,"column":8},"end":{"line":12,"column":44}},{"start":{},"end":{}}],"line":11},"2":{"loc":{"start":{"line":15,"column":16},"end":{"line":18,"column":24}},"type":"binary-expr","locations":[{"start":{"line":15,"column":16},"end":{"line":15,"column":32}},{"start":{"line":16,"column":12},"end":{"line":16,"column":33}},{"start":{"line":17,"column":12},"end":{"line":17,"column":40}},{"start":{"line":18,"column":12},"end":{"line":18,"column":24}}],"line":15},"3":{"loc":{"start":{"line":21,"column":16},"end":{"line":25,"column":46}},"type":"binary-expr","locations":[{"start":{"line":21,"column":16},"end":{"line":21,"column":28}},{"start":{"line":22,"column":12},"end":{"line":22,"column":29}},{"start":{"line":23,"column":12},"end":{"line":23,"column":32}},{"start":{"line":24,"column":12},"end":{"line":24,"column":46}},{"start":{"line":25,"column":12},"end":{"line":25,"column":46}}],"line":21},"4":{"loc":{"start":{"line":28,"column":16},"end":{"line":29,"column":54}},"type":"binary-expr","locations":[{"start":{"line":28,"column":16},"end":{"line":28,"column":60}},{"start":{"line":29,"column":12},"end":{"line":29,"column":54}}],"line":28}},"s":{"0":1,"1":9,"2":9,"3":9,"4":9,"5":9,"6":1,"7":8,"8":1,"9":9,"10":8,"11":16,"12":11,"13":1},"f":{"0":9,"1":9,"2":8,"3":16,"4":11},"b":{"0":[1,8],"1":[1,7],"2":[9,9,9,9],"3":[8,8,8,8,7],"4":[16,12]},"inputSourceMap":null,"_coverageSchema":"1a1c01bbd47fc00a2c39e90264f33305004495a9","hash":"1da6ffa783303ad4e9e1d66c29a1deb85b498f71"}
,"/Users/joao.madeira/Projetos/branas/refactoring/dist/src/example1/SundayFareCalculator.js": {"path":"/Users/joao.madeira/Projetos/branas/refactoring/dist/src/example1/SundayFareCalculator.js","statementMap":{"0":{"start":{"line":2,"column":0},"end":{"line":2,"column":62}},"1":{"start":{"line":5,"column":8},"end":{"line":5,"column":25}},"2":{"start":{"line":6,"column":8},"end":{"line":6,"column":24}},"3":{"start":{"line":10,"column":8},"end":{"line":12,"column":9}},"4":{"start":{"line":11,"column":12},"end":{"line":11,"column":48}},"5":{"start":{"line":13,"column":8},"end":{"line":14,"column":32}},"6":{"start":{"line":14,"column":12},"end":{"line":14,"column":32}},"7":{"start":{"line":15,"column":8},"end":{"line":15,"column":91}},"8":{"start":{"line":18,"column":0},"end":{"line":18,"column":39}}},"fnMap":{"0":{"name":"(anonymous_0)","decl":{"start":{"line":4,"column":4},"end":{"line":4,"column":5}},"loc":{"start":{"line":4,"column":22},"end":{"line":7,"column":5}},"line":4},"1":{"name":"(anonymous_1)","decl":{"start":{"line":8,"column":4},"end":{"line":8,"column":5}},"loc":{"start":{"line":8,"column":23},"end":{"line":16,"column":5}},"line":8}},"branchMap":{"0":{"loc":{"start":{"line":10,"column":8},"end":{"line":12,"column":9}},"type":"if","locations":[{"start":{"line":10,"column":8},"end":{"line":12,"column":9}},{"start":{},"end":{}}],"line":10},"1":{"loc":{"start":{"line":10,"column":12},"end":{"line":10,"column":56}},"type":"binary-expr","locations":[{"start":{"line":10,"column":12},"end":{"line":10,"column":30}},{"start":{"line":10,"column":34},"end":{"line":10,"column":56}}],"line":10},"2":{"loc":{"start":{"line":13,"column":8},"end":{"line":14,"column":32}},"type":"if","locations":[{"start":{"line":13,"column":8},"end":{"line":14,"column":32}},{"start":{},"end":{}}],"line":13},"3":{"loc":{"start":{"line":15,"column":15},"end":{"line":15,"column":90}},"type":"cond-expr","locations":[{"start":{"line":15,"column":60},"end":{"line":15,"column":66}},{"start":{"line":15,"column":69},"end":{"line":15,"column":90}}],"line":15},"4":{"loc":{"start":{"line":15,"column":15},"end":{"line":15,"column":57}},"type":"binary-expr","locations":[{"start":{"line":15,"column":15},"end":{"line":15,"column":40}},{"start":{"line":15,"column":44},"end":{"line":15,"column":57}}],"line":15}},"s":{"0":1,"1":8,"2":8,"3":4,"4":1,"5":3,"6":0,"7":3,"8":1},"f":{"0":8,"1":4},"b":{"0":[1,3],"1":[4,1],"2":[0,3],"3":[0,3],"4":[3,3]},"inputSourceMap":null,"_coverageSchema":"1a1c01bbd47fc00a2c39e90264f33305004495a9","hash":"8f8f7333e33fb7a5724940dab0e9e1829557b746"}
,"/Users/joao.madeira/Projetos/branas/refactoring/dist/src/example2/cpf.js": {"path":"/Users/joao.madeira/Projetos/branas/refactoring/dist/src/example2/cpf.js","statementMap":{"0":{"start":{"line":2,"column":0},"end":{"line":2,"column":62}},"1":{"start":{"line":3,"column":0},"end":{"line":3,"column":26}},"2":{"start":{"line":6,"column":4},"end":{"line":56,"column":21}},"3":{"start":{"line":7,"column":8},"end":{"line":53,"column":9}},"4":{"start":{"line":8,"column":12},"end":{"line":52,"column":29}},"5":{"start":{"line":9,"column":16},"end":{"line":13,"column":38}},"6":{"start":{"line":14,"column":16},"end":{"line":49,"column":33}},"7":{"start":{"line":14,"column":48},"end":{"line":14,"column":60}},"8":{"start":{"line":15,"column":20},"end":{"line":46,"column":21}},"9":{"start":{"line":20,"column":24},"end":{"line":20,"column":36}},"10":{"start":{"line":21,"column":24},"end":{"line":21,"column":45}},"11":{"start":{"line":22,"column":24},"end":{"line":30,"column":25}},"12":{"start":{"line":22,"column":42},"end":{"line":22,"column":43}},"13":{"start":{"line":26,"column":28},"end":{"line":26,"column":81}},"14":{"start":{"line":27,"column":28},"end":{"line":27,"column":61}},"15":{"start":{"line":28,"column":28},"end":{"line":28,"column":61}},"16":{"start":{"line":31,"column":24},"end":{"line":31,"column":39}},"17":{"start":{"line":32,"column":24},"end":{"line":32,"column":63}},"18":{"start":{"line":33,"column":24},"end":{"line":33,"column":38}},"19":{"start":{"line":34,"column":24},"end":{"line":34,"column":39}},"20":{"start":{"line":35,"column":24},"end":{"line":38,"column":44}},"21":{"start":{"line":36,"column":28},"end":{"line":36,"column":36}},"22":{"start":{"line":38,"column":28},"end":{"line":38,"column":44}},"23":{"start":{"line":39,"column":44},"end":{"line":39,"column":85}},"24":{"start":{"line":40,"column":24},"end":{"line":40,"column":57}},"25":{"start":{"line":41,"column":24},"end":{"line":41,"column":57}},"26":{"start":{"line":44,"column":24},"end":{"line":44,"column":52}},"27":{"start":{"line":45,"column":24},"end":{"line":45,"column":37}},"28":{"start":{"line":49,"column":20},"end":{"line":49,"column":33}},"29":{"start":{"line":52,"column":16},"end":{"line":52,"column":29}},"30":{"start":{"line":56,"column":8},"end":{"line":56,"column":21}},"31":{"start":{"line":58,"column":0},"end":{"line":58,"column":28}}},"fnMap":{"0":{"name":"validate","decl":{"start":{"line":5,"column":9},"end":{"line":5,"column":17}},"loc":{"start":{"line":5,"column":23},"end":{"line":57,"column":1}},"line":5},"1":{"name":"(anonymous_1)","decl":{"start":{"line":14,"column":41},"end":{"line":14,"column":42}},"loc":{"start":{"line":14,"column":48},"end":{"line":14,"column":60}},"line":14}},"branchMap":{"0":{"loc":{"start":{"line":6,"column":4},"end":{"line":56,"column":21}},"type":"if","locations":[{"start":{"line":6,"column":4},"end":{"line":56,"column":21}},{"start":{"line":56,"column":8},"end":{"line":56,"column":21}}],"line":6},"1":{"loc":{"start":{"line":7,"column":8},"end":{"line":53,"column":9}},"type":"if","locations":[{"start":{"line":7,"column":8},"end":{"line":53,"column":9}},{"start":{},"end":{}}],"line":7},"2":{"loc":{"start":{"line":8,"column":12},"end":{"line":52,"column":29}},"type":"if","locations":[{"start":{"line":8,"column":12},"end":{"line":52,"column":29}},{"start":{"line":52,"column":16},"end":{"line":52,"column":29}}],"line":8},"3":{"loc":{"start":{"line":8,"column":16},"end":{"line":8,"column":52}},"type":"binary-expr","locations":[{"start":{"line":8,"column":16},"end":{"line":8,"column":32}},{"start":{"line":8,"column":36},"end":{"line":8,"column":52}}],"line":8},"4":{"loc":{"start":{"line":14,"column":16},"end":{"line":49,"column":33}},"type":"if","locations":[{"start":{"line":14,"column":16},"end":{"line":49,"column":33}},{"start":{"line":49,"column":20},"end":{"line":49,"column":33}}],"line":14},"5":{"loc":{"start":{"line":32,"column":30},"end":{"line":32,"column":62}},"type":"cond-expr","locations":[{"start":{"line":32,"column":42},"end":{"line":32,"column":49}},{"start":{"line":32,"column":53},"end":{"line":32,"column":62}}],"line":32},"6":{"loc":{"start":{"line":35,"column":24},"end":{"line":38,"column":44}},"type":"if","locations":[{"start":{"line":35,"column":24},"end":{"line":38,"column":44}},{"start":{"line":38,"column":28},"end":{"line":38,"column":44}}],"line":35}},"s":{"0":1,"1":1,"2":3,"3":2,"4":2,"5":2,"6":2,"7":13,"8":1,"9":1,"10":1,"11":1,"12":1,"13":9,"14":9,"15":9,"16":1,"17":1,"18":1,"19":1,"20":1,"21":0,"22":1,"23":1,"24":1,"25":1,"26":0,"27":0,"28":1,"29":0,"30":1,"31":1},"f":{"0":3,"1":13},"b":{"0":[2,1],"1":[2,0],"2":[2,0],"3":[2,0],"4":[1,1],"5":[0,1],"6":[0,1]},"inputSourceMap":null,"_coverageSchema":"1a1c01bbd47fc00a2c39e90264f33305004495a9","hash":"1da80de067f1ededc6a9923b2ca0ad26e32738c9"}
}
