TN:
SF:dist/src/example1/NormalFareCalculator.js
FN:4,(anonymous_0)
FN:8,(anonymous_1)
FNF:2
FNH:2
FNDA:8,(anonymous_0)
FNDA:3,(anonymous_1)
DA:2,1
DA:5,8
DA:6,8
DA:10,3
DA:11,3
DA:13,0
DA:14,0
DA:15,0
DA:18,1
LF:9
LH:6
BRDA:10,0,0,3
BRDA:10,0,1,0
BRDA:10,1,0,3
BRDA:10,1,1,3
BRDA:13,2,0,0
BRDA:13,2,1,0
BRDA:15,3,0,0
BRDA:15,3,1,0
BRDA:15,4,0,0
BRDA:15,4,1,0
BRF:10
BRH:3
end_of_record
TN:
SF:dist/src/example1/OvernightFareCalculator.js
FN:4,(anonymous_0)
FN:8,(anonymous_1)
FNF:2
FNH:2
FNDA:8,(anonymous_0)
FNDA:7,(anonymous_1)
DA:2,1
DA:5,8
DA:6,8
DA:10,7
DA:11,2
DA:13,5
DA:14,0
DA:15,5
DA:18,1
LF:9
LH:8
BRDA:10,0,0,2
BRDA:10,0,1,5
BRDA:10,1,0,7
BRDA:10,1,1,3
BRDA:13,2,0,0
BRDA:13,2,1,5
BRDA:15,3,0,0
BRDA:15,3,1,5
BRDA:15,4,0,5
BRDA:15,4,1,5
BRF:10
BRH:8
end_of_record
TN:
SF:dist/src/example1/OvernightSundayFareCalculator.js
FN:4,(anonymous_0)
FN:8,(anonymous_1)
FNF:2
FNH:2
FNDA:8,(anonymous_0)
FNDA:5,(anonymous_1)
DA:2,1
DA:5,8
DA:6,8
DA:10,5
DA:11,1
DA:13,4
DA:14,0
DA:15,4
DA:18,1
LF:9
LH:8
BRDA:10,0,0,1
BRDA:10,0,1,4
BRDA:10,1,0,5
BRDA:10,1,1,1
BRDA:13,2,0,0
BRDA:13,2,1,4
BRDA:15,3,0,0
BRDA:15,3,1,4
BRDA:15,4,0,4
BRDA:15,4,1,4
BRF:10
BRH:8
end_of_record
TN:
SF:dist/src/example1/Ride.js
FN:2,(anonymous_0)
FN:8,(anonymous_1)
FN:13,(anonymous_2)
FN:16,(anonymous_3)
FNF:4
FNH:4
FNDA:1,(anonymous_0)
FNDA:8,(anonymous_1)
FNDA:9,(anonymous_2)
FNDA:6,(anonymous_3)
DA:2,1
DA:3,1
DA:5,1
DA:6,1
DA:9,8
DA:10,8
DA:11,8
DA:14,9
DA:17,6
DA:18,6
DA:19,7
DA:21,6
DA:24,1
LF:13
LH:13
BRDA:2,0,0,1
BRDA:2,0,1,1
BRDA:2,0,2,1
BRDA:3,1,0,1
BRDA:3,1,1,0
BRDA:3,2,0,1
BRDA:3,2,1,1
BRDA:21,3,0,5
BRDA:21,3,1,1
BRF:9
BRH:8
end_of_record
TN:
SF:dist/src/example1/Segment.js
FN:4,(anonymous_0)
FN:14,(anonymous_1)
FN:20,(anonymous_2)
FN:27,(anonymous_3)
FN:31,(anonymous_4)
FNF:5
FNH:5
FNDA:9,(anonymous_0)
FNDA:9,(anonymous_1)
FNDA:8,(anonymous_2)
FNDA:16,(anonymous_3)
FNDA:11,(anonymous_4)
DA:2,1
DA:5,9
DA:6,9
DA:7,9
DA:8,9
DA:9,9
DA:10,1
DA:11,8
DA:12,1
DA:15,9
DA:21,8
DA:28,16
DA:32,11
DA:35,1
LF:14
LH:14
BRDA:9,0,0,1
BRDA:9,0,1,8
BRDA:11,1,0,1
BRDA:11,1,1,7
BRDA:15,2,0,9
BRDA:15,2,1,9
BRDA:15,2,2,9
BRDA:15,2,3,9
BRDA:21,3,0,8
BRDA:21,3,1,8
BRDA:21,3,2,8
BRDA:21,3,3,8
BRDA:21,3,4,7
BRDA:28,4,0,16
BRDA:28,4,1,12
BRF:15
BRH:15
end_of_record
TN:
SF:dist/src/example1/SundayFareCalculator.js
FN:4,(anonymous_0)
FN:8,(anonymous_1)
FNF:2
FNH:2
FNDA:8,(anonymous_0)
FNDA:4,(anonymous_1)
DA:2,1
DA:5,8
DA:6,8
DA:10,4
DA:11,1
DA:13,3
DA:14,0
DA:15,3
DA:18,1
LF:9
LH:8
BRDA:10,0,0,1
BRDA:10,0,1,3
BRDA:10,1,0,4
BRDA:10,1,1,1
BRDA:13,2,0,0
BRDA:13,2,1,3
BRDA:15,3,0,0
BRDA:15,3,1,3
BRDA:15,4,0,3
BRDA:15,4,1,3
BRF:10
BRH:8
end_of_record
TN:
SF:dist/src/example2/cpf.js
FN:5,validate
FN:14,(anonymous_1)
FNF:2
FNH:2
FNDA:3,validate
FNDA:13,(anonymous_1)
DA:2,1
DA:3,1
DA:6,3
DA:7,2
DA:8,2
DA:9,2
DA:14,13
DA:15,1
DA:20,1
DA:21,1
DA:22,1
DA:26,9
DA:27,9
DA:28,9
DA:31,1
DA:32,1
DA:33,1
DA:34,1
DA:35,1
DA:36,0
DA:38,1
DA:39,1
DA:40,1
DA:41,1
DA:44,0
DA:45,0
DA:49,1
DA:52,0
DA:56,1
DA:58,1
LF:30
LH:26
BRDA:6,0,0,2
BRDA:6,0,1,1
BRDA:7,1,0,2
BRDA:7,1,1,0
BRDA:8,2,0,2
BRDA:8,2,1,0
BRDA:8,3,0,2
BRDA:8,3,1,0
BRDA:14,4,0,1
BRDA:14,4,1,1
BRDA:32,5,0,0
BRDA:32,5,1,1
BRDA:35,6,0,0
BRDA:35,6,1,1
BRF:14
BRH:9
end_of_record
