<?xml version="1.0" encoding="UTF-8"?>
<coverage generated="1654563904294" clover="3.2.0">
  <project timestamp="1654563904294" name="All files">
    <metrics statements="48" coveredstatements="48" conditionals="8" coveredconditionals="5" methods="19" coveredmethods="19" elements="75" coveredelements="72" complexity="0" loc="48" ncloc="48" packages="1" files="5" classes="5"/>
    <file name="Coupon.ts" path="/Users/joao.madeira/Projetos/branas/projetopart1/src/Coupon.ts">
      <metrics statements="3" coveredstatements="3" conditionals="0" coveredconditionals="0" methods="2" coveredmethods="2"/>
      <line num="1" count="1" type="stmt"/>
      <line num="2" count="1" type="stmt"/>
      <line num="5" count="1" type="stmt"/>
    </file>
    <file name="Cpf.ts" path="/Users/joao.madeira/Projetos/branas/projetopart1/src/Cpf.ts">
      <metrics statements="24" coveredstatements="24" conditionals="7" coveredconditionals="4" methods="9" coveredmethods="9"/>
      <line num="1" count="2" type="stmt"/>
      <line num="2" count="8" type="stmt"/>
      <line num="3" count="8" type="stmt"/>
      <line num="6" count="8" type="cond" truecount="1" falsecount="0"/>
      <line num="7" count="3" type="stmt"/>
      <line num="10" count="8" type="cond" truecount="0" falsecount="1"/>
      <line num="11" count="8" type="stmt"/>
      <line num="12" count="8" type="cond" truecount="0" falsecount="1"/>
      <line num="13" count="8" type="cond" truecount="1" falsecount="0"/>
      <line num="15" count="4" type="stmt"/>
      <line num="19" count="4" type="stmt"/>
      <line num="23" count="4" type="stmt"/>
      <line num="24" count="4" type="stmt"/>
      <line num="25" count="4" type="stmt"/>
      <line num="29" count="8" type="stmt"/>
      <line num="33" count="8" type="stmt"/>
      <line num="37" count="8" type="stmt"/>
      <line num="38" count="52" type="stmt"/>
      <line num="42" count="8" type="stmt"/>
      <line num="43" count="88" type="cond" truecount="1" falsecount="0"/>
      <line num="44" count="88" type="stmt"/>
      <line num="46" count="8" type="stmt"/>
      <line num="47" count="8" type="cond" truecount="1" falsecount="1"/>
      <line num="51" count="4" type="stmt"/>
    </file>
    <file name="Item.ts" path="/Users/joao.madeira/Projetos/branas/projetopart1/src/Item.ts">
      <metrics statements="4" coveredstatements="4" conditionals="0" coveredconditionals="0" methods="1" coveredmethods="1"/>
      <line num="1" count="1" type="stmt"/>
      <line num="3" count="6" type="stmt"/>
      <line num="4" count="6" type="stmt"/>
      <line num="5" count="6" type="stmt"/>
    </file>
    <file name="Order.ts" path="/Users/joao.madeira/Projetos/branas/projetopart1/src/Order.ts">
      <metrics statements="12" coveredstatements="12" conditionals="1" coveredconditionals="1" methods="5" coveredmethods="5"/>
      <line num="2" count="1" type="stmt"/>
      <line num="4" count="1" type="stmt"/>
      <line num="6" count="1" type="stmt"/>
      <line num="11" count="3" type="stmt"/>
      <line num="12" count="2" type="stmt"/>
      <line num="16" count="6" type="stmt"/>
      <line num="20" count="1" type="stmt"/>
      <line num="24" count="2" type="stmt"/>
      <line num="25" count="6" type="stmt"/>
      <line num="26" count="6" type="stmt"/>
      <line num="28" count="2" type="cond" truecount="1" falsecount="0"/>
      <line num="29" count="2" type="stmt"/>
    </file>
    <file name="OrderItem.ts" path="/Users/joao.madeira/Projetos/branas/projetopart1/src/OrderItem.ts">
      <metrics statements="5" coveredstatements="5" conditionals="0" coveredconditionals="0" methods="2" coveredmethods="2"/>
      <line num="1" count="2" type="stmt"/>
      <line num="3" count="7" type="stmt"/>
      <line num="4" count="7" type="stmt"/>
      <line num="5" count="7" type="stmt"/>
      <line num="9" count="7" type="stmt"/>
    </file>
  </project>
</coverage>
