TN:
SF:src/Coupon.ts
FN:2,(anonymous_0)
FN:4,(anonymous_1)
FNF:2
FNH:2
FNDA:1,(anonymous_0)
FNDA:1,(anonymous_1)
DA:1,1
DA:2,1
DA:5,1
LF:3
LH:3
BRF:0
BRH:0
end_of_record
TN:
SF:src/Cpf.ts
FN:5,(anonymous_0)
FN:9,(anonymous_1)
FN:28,(anonymous_2)
FN:32,(anonymous_3)
FN:36,(anonymous_4)
FN:38,(anonymous_5)
FN:41,(anonymous_6)
FN:42,(anonymous_7)
FN:50,(anonymous_8)
FNF:9
FNH:9
FNDA:8,(anonymous_0)
FNDA:8,(anonymous_1)
FNDA:8,(anonymous_2)
FNDA:8,(anonymous_3)
FNDA:8,(anonymous_4)
FNDA:52,(anonymous_5)
FNDA:8,(anonymous_6)
FNDA:88,(anonymous_7)
FNDA:4,(anonymous_8)
DA:1,2
DA:2,8
DA:3,8
DA:6,8
DA:7,3
DA:10,8
DA:11,8
DA:12,8
DA:13,8
DA:15,4
DA:19,4
DA:23,4
DA:24,4
DA:25,4
DA:29,8
DA:33,8
DA:37,8
DA:38,52
DA:42,8
DA:43,88
DA:44,88
DA:46,8
DA:47,8
DA:51,4
LF:24
LH:24
BRDA:6,0,0,5
BRDA:10,1,0,0
BRDA:12,2,0,0
BRDA:13,3,0,4
BRDA:43,4,0,76
BRDA:47,5,0,0
BRDA:47,5,1,8
BRF:7
BRH:4
end_of_record
TN:
SF:src/Item.ts
FN:2,(anonymous_0)
FNF:1
FNH:1
FNDA:6,(anonymous_0)
DA:1,1
DA:3,6
DA:4,6
DA:5,6
LF:4
LH:4
BRF:0
BRH:0
end_of_record
TN:
SF:src/Order.ts
FN:10,(anonymous_1)
FN:15,(anonymous_2)
FN:19,(anonymous_3)
FN:23,(anonymous_4)
FN:24,(anonymous_5)
FNF:5
FNH:5
FNDA:3,(anonymous_1)
FNDA:6,(anonymous_2)
FNDA:1,(anonymous_3)
FNDA:2,(anonymous_4)
FNDA:6,(anonymous_5)
DA:2,1
DA:4,1
DA:6,1
DA:11,3
DA:12,2
DA:16,6
DA:20,1
DA:24,2
DA:25,6
DA:26,6
DA:28,2
DA:29,2
LF:12
LH:12
BRDA:28,0,0,1
BRF:1
BRH:1
end_of_record
TN:
SF:src/OrderItem.ts
FN:2,(anonymous_0)
FN:8,(anonymous_1)
FNF:2
FNH:2
FNDA:7,(anonymous_0)
FNDA:7,(anonymous_1)
DA:1,2
DA:3,7
DA:4,7
DA:5,7
DA:9,7
LF:5
LH:5
BRF:0
BRH:0
end_of_record
